#-----------------------------------------------------------
# Vivado v2017.4 (64-bit)
# SW Build 2086221 on Fri Dec 15 20:54:30 MST 2017
# IP Build 2085800 on Fri Dec 15 22:25:07 MST 2017
# Start of session at: Fri Sep 29 15:11:23 2023
# Process ID: 3446
# Current directory: /home/grads/p/pranav_anantharam/lab4_alu/project_1/project_1.runs/synth_1
# Command line: vivado -log ALU.vds -product Vivado -mode batch -messageDb vivado.pb -notrace -source ALU.tcl
# Log file: /home/grads/p/pranav_anantharam/lab4_alu/project_1/project_1.runs/synth_1/ALU.vds
# Journal file: /home/grads/p/pranav_anantharam/lab4_alu/project_1/project_1.runs/synth_1/vivado.jou
#-----------------------------------------------------------
source ALU.tcl -notrace
Command: synth_design -top ALU -part xc7vx485tffg1157-1
Starting synth_design
Attempting to get a license for feature 'Synthesis' and/or device 'xc7vx485t'
INFO: [Common 17-349] Got license for feature 'Synthesis' and/or device 'xc7vx485t'
INFO: [Common 17-1540] The version limit for your license is '2021.02' and has expired for new software. A version limit expiration means that, although you may be able to continue to use the current version of tools or IP with this license, you will not be eligible for any updates or new releases.
INFO: Launching helper process for spawning children vivado processes
INFO: Helper process launched with PID 3613 
---------------------------------------------------------------------------------
Starting Synthesize : Time (s): cpu = 00:00:06 ; elapsed = 00:00:07 . Memory (MB): peak = 1419.191 ; gain = 87.000 ; free physical = 170 ; free virtual = 3744
---------------------------------------------------------------------------------
INFO: [Synth 8-638] synthesizing module 'ALU' [/home/grads/p/pranav_anantharam/lab4_alu/ALU.v:19]
INFO: [Synth 8-256] done synthesizing module 'ALU' (1#1) [/home/grads/p/pranav_anantharam/lab4_alu/ALU.v:19]
---------------------------------------------------------------------------------
Finished Synthesize : Time (s): cpu = 00:00:07 ; elapsed = 00:00:09 . Memory (MB): peak = 1461.738 ; gain = 129.547 ; free physical = 281 ; free virtual = 3755
---------------------------------------------------------------------------------
---------------------------------------------------------------------------------
Finished Constraint Validation : Time (s): cpu = 00:00:07 ; elapsed = 00:00:09 . Memory (MB): peak = 1461.738 ; gain = 129.547 ; free physical = 282 ; free virtual = 3756
---------------------------------------------------------------------------------
---------------------------------------------------------------------------------
Start Loading Part and Timing Information
---------------------------------------------------------------------------------
Loading part: xc7vx485tffg1157-1
---------------------------------------------------------------------------------
INFO: [Device 21-403] Loading part xc7vx485tffg1157-1
Finished Loading Part and Timing Information : Time (s): cpu = 00:00:07 ; elapsed = 00:00:09 . Memory (MB): peak = 1469.730 ; gain = 137.539 ; free physical = 281 ; free virtual = 3756
---------------------------------------------------------------------------------
INFO: [Synth 8-5545] ROM "Zero" won't be mapped to RAM because address size (32) is larger than maximum supported(25)
---------------------------------------------------------------------------------
Finished RTL Optimization Phase 2 : Time (s): cpu = 00:00:07 ; elapsed = 00:00:09 . Memory (MB): peak = 1485.746 ; gain = 153.555 ; free physical = 264 ; free virtual = 3748
---------------------------------------------------------------------------------

Report RTL Partitions: 
+-+--------------+------------+----------+
| |RTL Partition |Replication |Instances |
+-+--------------+------------+----------+
+-+--------------+------------+----------+
No constraint files found.
---------------------------------------------------------------------------------
Start RTL Component Statistics 
---------------------------------------------------------------------------------
Detailed RTL Component Info : 
+---Adders : 
	   2 Input     32 Bit       Adders := 1     
	   3 Input     32 Bit       Adders := 1     
+---XORs : 
	   2 Input     32 Bit         XORs := 1     
+---Muxes : 
	   2 Input      1 Bit        Muxes := 1     
---------------------------------------------------------------------------------
Finished RTL Component Statistics 
---------------------------------------------------------------------------------
---------------------------------------------------------------------------------
Start RTL Hierarchical Component Statistics 
---------------------------------------------------------------------------------
Hierarchical RTL Component report 
Module ALU 
Detailed RTL Component Info : 
+---Adders : 
	   2 Input     32 Bit       Adders := 1     
	   3 Input     32 Bit       Adders := 1     
+---XORs : 
	   2 Input     32 Bit         XORs := 1     
+---Muxes : 
	   2 Input      1 Bit        Muxes := 1     
---------------------------------------------------------------------------------
Finished RTL Hierarchical Component Statistics
---------------------------------------------------------------------------------
---------------------------------------------------------------------------------
Start Part Resource Summary
---------------------------------------------------------------------------------
Part Resources:
DSPs: 2800 (col length:140)
BRAMs: 2060 (col length: RAMB18 140 RAMB36 70)
---------------------------------------------------------------------------------
Finished Part Resource Summary
---------------------------------------------------------------------------------
No constraint files found.
---------------------------------------------------------------------------------
Start Cross Boundary and Area Optimization
---------------------------------------------------------------------------------
INFO: [Synth 8-5545] ROM "Zero" won't be mapped to RAM because address size (32) is larger than maximum supported(25)
---------------------------------------------------------------------------------
Finished Cross Boundary and Area Optimization : Time (s): cpu = 00:00:37 ; elapsed = 00:02:37 . Memory (MB): peak = 1782.023 ; gain = 449.832 ; free physical = 362 ; free virtual = 3216
---------------------------------------------------------------------------------

Report RTL Partitions: 
+-+--------------+------------+----------+
| |RTL Partition |Replication |Instances |
+-+--------------+------------+----------+
+-+--------------+------------+----------+
No constraint files found.
---------------------------------------------------------------------------------
Start Timing Optimization
---------------------------------------------------------------------------------
---------------------------------------------------------------------------------
Finished Timing Optimization : Time (s): cpu = 00:00:37 ; elapsed = 00:02:38 . Memory (MB): peak = 1782.027 ; gain = 449.836 ; free physical = 359 ; free virtual = 3215
---------------------------------------------------------------------------------

Report RTL Partitions: 
+-+--------------+------------+----------+
| |RTL Partition |Replication |Instances |
+-+--------------+------------+----------+
+-+--------------+------------+----------+
---------------------------------------------------------------------------------
Start Technology Mapping
---------------------------------------------------------------------------------
---------------------------------------------------------------------------------
Finished Technology Mapping : Time (s): cpu = 00:00:37 ; elapsed = 00:02:38 . Memory (MB): peak = 1782.027 ; gain = 449.836 ; free physical = 353 ; free virtual = 3211
---------------------------------------------------------------------------------

Report RTL Partitions: 
+-+--------------+------------+----------+
| |RTL Partition |Replication |Instances |
+-+--------------+------------+----------+
+-+--------------+------------+----------+
---------------------------------------------------------------------------------
Start IO Insertion
---------------------------------------------------------------------------------
---------------------------------------------------------------------------------
Start Flattening Before IO Insertion
---------------------------------------------------------------------------------
---------------------------------------------------------------------------------
Finished Flattening Before IO Insertion
---------------------------------------------------------------------------------
---------------------------------------------------------------------------------
Start Final Netlist Cleanup
---------------------------------------------------------------------------------
---------------------------------------------------------------------------------
Finished Final Netlist Cleanup
---------------------------------------------------------------------------------
---------------------------------------------------------------------------------
Finished IO Insertion : Time (s): cpu = 00:00:38 ; elapsed = 00:02:38 . Memory (MB): peak = 1782.027 ; gain = 449.836 ; free physical = 332 ; free virtual = 3213
---------------------------------------------------------------------------------

Report Check Netlist: 
+------+------------------+-------+---------+-------+------------------+
|      |Item              |Errors |Warnings |Status |Description       |
+------+------------------+-------+---------+-------+------------------+
|1     |multi_driven_nets |      0|        0|Passed |Multi driven nets |
+------+------------------+-------+---------+-------+------------------+
---------------------------------------------------------------------------------
Start Renaming Generated Instances
---------------------------------------------------------------------------------
---------------------------------------------------------------------------------
Finished Renaming Generated Instances : Time (s): cpu = 00:00:38 ; elapsed = 00:02:38 . Memory (MB): peak = 1782.027 ; gain = 449.836 ; free physical = 332 ; free virtual = 3213
---------------------------------------------------------------------------------

Report RTL Partitions: 
+-+--------------+------------+----------+
| |RTL Partition |Replication |Instances |
+-+--------------+------------+----------+
+-+--------------+------------+----------+
---------------------------------------------------------------------------------
Start Rebuilding User Hierarchy
---------------------------------------------------------------------------------
---------------------------------------------------------------------------------
Finished Rebuilding User Hierarchy : Time (s): cpu = 00:00:38 ; elapsed = 00:02:38 . Memory (MB): peak = 1782.027 ; gain = 449.836 ; free physical = 332 ; free virtual = 3213
---------------------------------------------------------------------------------
---------------------------------------------------------------------------------
Start Renaming Generated Ports
---------------------------------------------------------------------------------
---------------------------------------------------------------------------------
Finished Renaming Generated Ports : Time (s): cpu = 00:00:38 ; elapsed = 00:02:38 . Memory (MB): peak = 1782.027 ; gain = 449.836 ; free physical = 332 ; free virtual = 3213
---------------------------------------------------------------------------------
---------------------------------------------------------------------------------
Start Handling Custom Attributes
---------------------------------------------------------------------------------
---------------------------------------------------------------------------------
Finished Handling Custom Attributes : Time (s): cpu = 00:00:38 ; elapsed = 00:02:38 . Memory (MB): peak = 1782.027 ; gain = 449.836 ; free physical = 332 ; free virtual = 3213
---------------------------------------------------------------------------------
---------------------------------------------------------------------------------
Start Renaming Generated Nets
---------------------------------------------------------------------------------
---------------------------------------------------------------------------------
Finished Renaming Generated Nets : Time (s): cpu = 00:00:38 ; elapsed = 00:02:38 . Memory (MB): peak = 1782.027 ; gain = 449.836 ; free physical = 332 ; free virtual = 3213
---------------------------------------------------------------------------------
---------------------------------------------------------------------------------
Start Writing Synthesis Report
---------------------------------------------------------------------------------

Report BlackBoxes: 
+-+--------------+----------+
| |BlackBox name |Instances |
+-+--------------+----------+
+-+--------------+----------+

Report Cell Usage: 
+------+-------+------+
|      |Cell   |Count |
+------+-------+------+
|1     |CARRY4 |    24|
|2     |LUT1   |     1|
|3     |LUT2   |    83|
|4     |LUT3   |    38|
|5     |LUT4   |   105|
|6     |LUT5   |   131|
|7     |LUT6   |   280|
|8     |MUXF7  |    15|
|9     |IBUF   |    68|
|10    |OBUF   |    33|
+------+-------+------+

Report Instance Areas: 
+------+---------+-------+------+
|      |Instance |Module |Cells |
+------+---------+-------+------+
|1     |top      |       |   778|
+------+---------+-------+------+
---------------------------------------------------------------------------------
Finished Writing Synthesis Report : Time (s): cpu = 00:00:38 ; elapsed = 00:02:38 . Memory (MB): peak = 1782.027 ; gain = 449.836 ; free physical = 332 ; free virtual = 3213
---------------------------------------------------------------------------------
Synthesis finished with 0 errors, 0 critical warnings and 0 warnings.
Synthesis Optimization Runtime : Time (s): cpu = 00:00:38 ; elapsed = 00:02:38 . Memory (MB): peak = 1782.027 ; gain = 449.836 ; free physical = 331 ; free virtual = 3216
Synthesis Optimization Complete : Time (s): cpu = 00:00:38 ; elapsed = 00:02:38 . Memory (MB): peak = 1782.031 ; gain = 449.836 ; free physical = 330 ; free virtual = 3222
INFO: [Project 1-571] Translating synthesized netlist
INFO: [Netlist 29-17] Analyzing 107 Unisim elements for replacement
INFO: [Netlist 29-28] Unisim Transformation completed in 0 CPU seconds
INFO: [Project 1-570] Preparing netlist for logic optimization
INFO: [Opt 31-138] Pushed 0 inverter(s) to 0 load pin(s).
INFO: [Project 1-111] Unisim Transformation Summary:
No Unisim elements were transformed.

INFO: [Common 17-83] Releasing license: Synthesis
14 Infos, 0 Warnings, 0 Critical Warnings and 0 Errors encountered.
synth_design completed successfully
synth_design: Time (s): cpu = 00:00:41 ; elapsed = 00:02:42 . Memory (MB): peak = 1910.051 ; gain = 632.613 ; free physical = 233 ; free virtual = 3190
INFO: [Common 17-1381] The checkpoint '/home/grads/p/pranav_anantharam/lab4_alu/project_1/project_1.runs/synth_1/ALU.dcp' has been generated.
INFO: [runtcl-4] Executing : report_utilization -file ALU_utilization_synth.rpt -pb ALU_utilization_synth.pb
report_utilization: Time (s): cpu = 00:00:00.31 ; elapsed = 00:00:00.40 . Memory (MB): peak = 1934.074 ; gain = 0.000 ; free physical = 215 ; free virtual = 3190
INFO: [Common 17-206] Exiting Vivado at Fri Sep 29 15:14:23 2023...

